[2026-01-04T03:34:07.208Z] [INFO] [streamelements] SE Main RAW: {"id":"01KE3H3GVEKSRHQB6V1GYVPTYT","ts":"2026-01-04T03:34:06Z","type":"message","topic":"channel.activities","room":"5b476b1b2ec1c5679a203039","data":{"type":"tip","provider":"twitch","channel":"5b476b1b2ec1c5679a203039","createdAt":"2026-01-04T03:34:06.913Z","data":{"amount":10,"currency":"USD","username":"RANMZA","tipId":"6959dfae3143875ca1fb8226","message":"Teste local #meta1","avatar":"https://cdn.streamelements.com/static/default-avatar.png"},"_id":"6959dfaefcd4e43e72158b04","updatedAt":"2026-01-04T03:34:06.913Z","activityId":"6959dfaefcd4e43e72158b04","sessionEventsCount":7}}
[2026-01-04T03:34:07.208Z] [INFO] [streamelements] SE Handler: Tip received | {"externalId":"6959dfaefcd4e43e72158b04","username":"RANMZA","amount":10,"currency":"USD","message":"Teste local #meta1","donatedAt":"2026-01-04T03:34:06.913Z"}
[2026-01-04T03:38:01.143Z] [INFO] [streamelements] SE Main: Starting connection
[2026-01-04T03:38:01.687Z] [INFO] [streamelements] SE Main: Connected to Astro WS
[2026-01-04T03:38:01.688Z] [INFO] [streamelements] SE Main: Subscribed to channel.activities
[2026-01-04T03:38:01.689Z] [INFO] [streamelements] SE Main RAW: {"id":"01KE3HANRQ74J5X7YW8BDJK6QV","ts":"2026-01-04T03:38:01Z","type":"welcome","data":{"client_id":"01KE3HANRQ74J5X7YW8A1PJMMV","message":"You are in a maze of dank memes, all alike."}}
[2026-01-04T03:38:01.832Z] [INFO] [streamelements] SE Main RAW: {"id":"01KE3HANXACY9W1XMXMD50NBB9","ts":"2026-01-04T03:38:01Z","type":"response","nonce":"02670dbb-15b5-4dae-bc28-75a67916485e","data":{"message":"successfully subscribed to topic","room":"5b476b1b2ec1c5679a203039","topic":"channel.activities"}}
[2026-01-04T03:38:05.764Z] [INFO] [streamelements] SE Main RAW: {"id":"01KE3HASQ65VDK9X58WQTRPJ7W","ts":"2026-01-04T03:38:05Z","type":"message","topic":"channel.activities","room":"5b476b1b2ec1c5679a203039","data":{"type":"tip","provider":"twitch","channel":"5b476b1b2ec1c5679a203039","createdAt":"2026-01-04T03:38:05.366Z","data":{"amount":10,"currency":"USD","username":"RANMZA","tipId":"6959e09d9adcc27d8d82dd23","message":"Teste local #meta1","avatar":"https://cdn.streamelements.com/static/default-avatar.png"},"_id":"6959e09d76eb5aaa272ae3cf","updatedAt":"2026-01-04T03:38:05.366Z","activityId":"6959e09d76eb5aaa272ae3cf","sessionEventsCount":7}}
[2026-01-04T03:38:05.764Z] [INFO] [streamelements] SE Handler: Tip received | {"externalId":"6959e09d76eb5aaa272ae3cf","username":"RANMZA","amount":10,"currency":"USD","message":"Teste local #meta1","donatedAt":"2026-01-04T03:38:05.366Z"}
[2026-01-04T03:38:06.027Z] [INFO] [streamelements] SE Handler: Tip processed | {"externalId":"6959e09d76eb5aaa272ae3cf"}
[2026-01-04T03:38:20.433Z] [INFO] [streamelements] SE Main RAW: {"id":"01KE3HB8512RZ135RY2755KWJ6","ts":"2026-01-04T03:38:20Z","type":"message","topic":"channel.activities","room":"5b476b1b2ec1c5679a203039","data":{"type":"tip","provider":"twitch","channel":"5b476b1b2ec1c5679a203039","createdAt":"2026-01-04T03:38:20.147Z","data":{"amount":10,"currency":"USD","username":"RANMZA","tipId":"6959e0ac9adcc27d8d82ef97","message":"Teste local #meta1","avatar":"https://cdn.streamelements.com/static/default-avatar.png"},"_id":"6959e0acd670f81a9f43e5d4","updatedAt":"2026-01-04T03:38:20.147Z","activityId":"6959e0acd670f81a9f43e5d4","sessionEventsCount":7}}
[2026-01-04T03:38:20.433Z] [INFO] [streamelements] SE Handler: Tip received | {"externalId":"6959e0acd670f81a9f43e5d4","username":"RANMZA","amount":10,"currency":"USD","message":"Teste local #meta1","donatedAt":"2026-01-04T03:38:20.147Z"}
[2026-01-04T03:38:20.713Z] [INFO] [streamelements] SE Handler: Tip processed | {"externalId":"6959e0acd670f81a9f43e5d4"}
[2026-01-04T03:38:51.102Z] [INFO] [streamelements] SE Main RAW: {"id":"01KE3HC63E99FVG5RYJ2SP43PW","ts":"2026-01-04T03:38:50Z","type":"message","topic":"channel.activities","room":"5b476b1b2ec1c5679a203039","data":{"type":"tip","provider":"twitch","channel":"5b476b1b2ec1c5679a203039","createdAt":"2026-01-04T03:38:50.828Z","data":{"amount":10,"currency":"USD","username":"RANMZA","tipId":"6959e0ca9adcc27d8d82f9f1","message":"Teste local #meta1","avatar":"https://cdn.streamelements.com/static/default-avatar.png"},"_id":"6959e0ca15806431bba3e95e","updatedAt":"2026-01-04T03:38:50.828Z","activityId":"6959e0ca15806431bba3e95e","sessionEventsCount":7}}
[2026-01-04T03:38:51.102Z] [INFO] [streamelements] SE Handler: Tip received | {"externalId":"6959e0ca15806431bba3e95e","username":"RANMZA","amount":10,"currency":"USD","message":"Teste local #meta1","donatedAt":"2026-01-04T03:38:50.828Z"}
[2026-01-04T03:38:51.353Z] [INFO] [streamelements] SE Handler: Tip processed | {"externalId":"6959e0ca15806431bba3e95e"}
[2026-01-04T03:38:58.730Z] [INFO] [streamelements] SE Main: Starting connection
[2026-01-04T03:38:58.946Z] [INFO] [streamelements] SE Main: Connected to Astro WS
[2026-01-04T03:38:58.947Z] [INFO] [streamelements] SE Main: Subscribed to channel.activities
[2026-01-04T03:38:58.948Z] [INFO] [streamelements] SE Main RAW: {"id":"01KE3HCDQNQFX5YJX27V5FM2G0","ts":"2026-01-04T03:38:58Z","type":"welcome","data":{"client_id":"01KE3HCDQNQFX5YJX27RM1QKD5","message":"You are in a maze of dank memes, all alike."}}
[2026-01-04T03:38:59.085Z] [INFO] [streamelements] SE Main RAW: {"id":"01KE3HCDW2HS3HM0752BNJ7X9K","ts":"2026-01-04T03:38:58Z","type":"response","nonce":"813c0e9c-79ae-4bb0-b025-7e7fcf6d80f2","data":{"message":"successfully subscribed to topic","room":"5b476b1b2ec1c5679a203039","topic":"channel.activities"}}
[2026-01-04T03:39:03.815Z] [INFO] [streamelements] SE Main RAW: {"id":"01KE3HCJET3X3XX390N44EH5GE","ts":"2026-01-04T03:39:03Z","type":"message","topic":"channel.activities","room":"5b476b1b2ec1c5679a203039","data":{"type":"tip","provider":"twitch","channel":"5b476b1b2ec1c5679a203039","createdAt":"2026-01-04T03:39:03.474Z","data":{"amount":10,"currency":"USD","username":"RANMZA","tipId":"6959e0d73143875ca1fc0db4","message":"Teste local #meta1","avatar":"https://cdn.streamelements.com/static/default-avatar.png"},"_id":"6959e0d7cd665cad9d2f30bf","updatedAt":"2026-01-04T03:39:03.474Z","activityId":"6959e0d7cd665cad9d2f30bf","sessionEventsCount":7}}
[2026-01-04T03:39:03.815Z] [INFO] [streamelements] SE Handler: Tip received | {"externalId":"6959e0d7cd665cad9d2f30bf","username":"RANMZA","amount":10,"currency":"USD","message":"Teste local #meta1","donatedAt":"2026-01-04T03:39:03.474Z"}
[2026-01-04T03:39:04.069Z] [INFO] [streamelements] SE Handler: Tip processed | {"externalId":"6959e0d7cd665cad9d2f30bf"}
[2026-01-04T03:45:27.734Z] [INFO] [streamelements] SE Main: Starting connection
[2026-01-04T03:45:27.952Z] [INFO] [streamelements] SE Main: Connected to Astro WS
[2026-01-04T03:45:27.953Z] [INFO] [streamelements] SE Main: Subscribed to channel.activities
[2026-01-04T03:45:27.954Z] [INFO] [streamelements] SE Main RAW: {"id":"01KE3HR9M2QEX1D6WFF9NBC7JC","ts":"2026-01-04T03:45:27Z","type":"welcome","data":{"client_id":"01KE3HR9M2QEX1D6WFF8KQFCYS","message":"You are in a maze of dank memes, all alike."}}
[2026-01-04T03:45:28.113Z] [INFO] [streamelements] SE Main RAW: {"id":"01KE3HR9RKAFDD4SAQSBADQ2GZ","ts":"2026-01-04T03:45:27Z","type":"response","nonce":"0eff0b56-ea7a-4a60-b89e-fc95c37fac63","data":{"message":"successfully subscribed to topic","room":"5b476b1b2ec1c5679a203039","topic":"channel.activities"}}
[2026-01-04T03:45:32.570Z] [INFO] [streamelements] SE Main RAW: {"id":"01KE3HRE3D13K1B7M7XXETCMXT","ts":"2026-01-04T03:45:32Z","type":"message","topic":"channel.activities","room":"5b476b1b2ec1c5679a203039","data":{"type":"tip","provider":"twitch","channel":"5b476b1b2ec1c5679a203039","createdAt":"2026-01-04T03:45:32.217Z","data":{"amount":10,"currency":"USD","username":"RANMZA","tipId":"6959e25c3143875ca1fcbea0","message":"Teste local #meta1","avatar":"https://cdn.streamelements.com/static/default-avatar.png"},"_id":"6959e25c76eb5aaa272b055b","updatedAt":"2026-01-04T03:45:32.217Z","activityId":"6959e25c76eb5aaa272b055b","sessionEventsCount":7}}
[2026-01-04T03:45:32.570Z] [INFO] [streamelements] SE Handler: Tip received | {"externalId":"6959e25c76eb5aaa272b055b","username":"RANMZA","amount":10,"currency":"USD","message":"Teste local #meta1","donatedAt":"2026-01-04T03:45:32.217Z"}
[2026-01-04T03:45:33.525Z] [INFO] [streamelements] SE Handler: Tip processed | {"externalId":"6959e25c76eb5aaa272b055b"}
